2009.04.13 02:11 B C:\wamp\www\jobwithearn\admin\allicons\8.gif --> jobwithearn.com /www/admin/allicons 8.gif
2009.04.13 17:26 B D:\jobwithearn\admin\allicons\1.gif --> jobwithearn.com /www/includes/admin/_notes/allicons 1.gif
2009.04.13 17:26 B D:\jobwithearn\admin\allicons\10.gif --> jobwithearn.com /www/includes/admin/_notes/allicons 10.gif
2009.04.13 17:26 B D:\jobwithearn\admin\allicons\11.gif --> jobwithearn.com /www/includes/admin/_notes/allicons 11.gif
2009.04.13 17:26 B D:\jobwithearn\admin\allicons\116.gif --> jobwithearn.com /www/includes/admin/_notes/allicons 116.gif
2009.04.13 17:27 B D:\jobwithearn\admin\allicons\10.gif --> jobwithearn.com /www/admin/allicons 10.gif
2009.04.13 17:27 B D:\jobwithearn\admin\allicons\11.gif --> jobwithearn.com /www/admin/allicons 11.gif
2009.04.13 17:27 B D:\jobwithearn\admin\allicons\116.gif --> jobwithearn.com /www/admin/allicons 116.gif
2009.04.13 17:28 B D:\jobwithearn\admin\allicons\12.gif --> jobwithearn.com /www/admin/allicons 12.gif
2009.04.13 17:28 B D:\jobwithearn\admin\allicons\13.gif --> jobwithearn.com /www/admin/allicons 13.gif
2009.04.13 17:28 B D:\jobwithearn\admin\allicons\142.gif --> jobwithearn.com /www/admin/allicons 142.gif
2009.04.13 17:28 B D:\jobwithearn\admin\allicons\15.gif --> jobwithearn.com /www/admin/allicons 15.gif
2009.04.13 17:28 B D:\jobwithearn\admin\allicons\17.gif --> jobwithearn.com /www/admin/allicons 17.gif
2009.04.13 17:28 B D:\jobwithearn\admin\allicons\18.gif --> jobwithearn.com /www/admin/allicons 18.gif
2009.04.13 17:28 B D:\jobwithearn\admin\allicons\31.gif --> jobwithearn.com /www/admin/allicons 31.gif
2009.04.13 17:28 B D:\jobwithearn\admin\allicons\36.gif --> jobwithearn.com /www/admin/allicons 36.gif
2009.04.13 17:28 B D:\jobwithearn\admin\allicons\43.gif --> jobwithearn.com /www/admin/allicons 43.gif
2009.04.13 17:28 B D:\jobwithearn\admin\allicons\6.gif --> jobwithearn.com /www/admin/allicons 6.gif
2009.04.13 17:28 B D:\jobwithearn\admin\allicons\64.gif --> jobwithearn.com /www/admin/allicons 64.gif
2009.04.13 17:28 B D:\jobwithearn\admin\allicons\84.gif --> jobwithearn.com /www/admin/allicons 84.gif
2009.04.13 17:28 B D:\jobwithearn\admin\allicons\9.gif --> jobwithearn.com /www/admin/allicons 9.gif
2009.04.13 17:28 B D:\jobwithearn\admin\allicons\94.gif --> jobwithearn.com /www/admin/allicons 94.gif
2009.04.13 17:28 B D:\jobwithearn\admin\allicons\Thumbs.db --> jobwithearn.com /www/admin/allicons Thumbs.db
2009.04.27 09:24 B C:\wamp\www\jobwithearn\27.04.2009\backup\admin\allicons\WS_FTP.LOG <-- JOB /www/admin/allicons WS_FTP.LOG
